2020-04-14 08:21:18,660 [restartedMain] INFO  com.pmj.crm.PmjCrmApplication:55 - Starting PmjCrmApplication on pmj with PID 1276 (started by machenlke in G:\Shiro学习资料\pmj_crm)
2020-04-14 08:21:18,676 [restartedMain] INFO  com.pmj.crm.PmjCrmApplication:651 - No active profile set, falling back to default profiles: default
2020-04-14 08:21:18,793 [restartedMain] INFO  o.s.b.d.env.DevToolsPropertyDefaultsPostProcessor:225 - Devtools property defaults active! Set 'spring.devtools.add-properties' to 'false' to disable
2020-04-14 08:21:18,793 [restartedMain] INFO  o.s.b.d.env.DevToolsPropertyDefaultsPostProcessor:225 - For additional web related logging consider setting the 'logging.level.web' property to 'DEBUG'
2020-04-14 08:21:20,285 [restartedMain] WARN  org.mybatis.spring.mapper.ClassPathMapperScanner:44 - No MyBatis mapper was found in '[com.pmj.crm]' package. Please check your configuration.
2020-04-14 08:21:20,548 [restartedMain] WARN  org.mybatis.spring.mapper.ClassPathMapperScanner:44 - Skipping MapperFactoryBean with name 'businessMapper' and 'com.pmj.crm.mapper.BusinessMapper' mapperInterface. Bean already defined with the same name!
2020-04-14 08:21:20,548 [restartedMain] WARN  org.mybatis.spring.mapper.ClassPathMapperScanner:44 - Skipping MapperFactoryBean with name 'customerMapper' and 'com.pmj.crm.mapper.CustomerMapper' mapperInterface. Bean already defined with the same name!
2020-04-14 08:21:20,548 [restartedMain] WARN  org.mybatis.spring.mapper.ClassPathMapperScanner:44 - Skipping MapperFactoryBean with name 'departmentMapper' and 'com.pmj.crm.mapper.DepartmentMapper' mapperInterface. Bean already defined with the same name!
2020-04-14 08:21:20,548 [restartedMain] WARN  org.mybatis.spring.mapper.ClassPathMapperScanner:44 - Skipping MapperFactoryBean with name 'deptRoleMapper' and 'com.pmj.crm.mapper.DeptRoleMapper' mapperInterface. Bean already defined with the same name!
2020-04-14 08:21:20,552 [restartedMain] WARN  org.mybatis.spring.mapper.ClassPathMapperScanner:44 - Skipping MapperFactoryBean with name 'empRoleMapper' and 'com.pmj.crm.mapper.EmpRoleMapper' mapperInterface. Bean already defined with the same name!
2020-04-14 08:21:20,552 [restartedMain] WARN  org.mybatis.spring.mapper.ClassPathMapperScanner:44 - Skipping MapperFactoryBean with name 'employeeMapper' and 'com.pmj.crm.mapper.EmployeeMapper' mapperInterface. Bean already defined with the same name!
2020-04-14 08:21:20,552 [restartedMain] WARN  org.mybatis.spring.mapper.ClassPathMapperScanner:44 - Skipping MapperFactoryBean with name 'permissionMapper' and 'com.pmj.crm.mapper.PermissionMapper' mapperInterface. Bean already defined with the same name!
2020-04-14 08:21:20,552 [restartedMain] WARN  org.mybatis.spring.mapper.ClassPathMapperScanner:44 - Skipping MapperFactoryBean with name 'roleMapper' and 'com.pmj.crm.mapper.RoleMapper' mapperInterface. Bean already defined with the same name!
2020-04-14 08:21:20,552 [restartedMain] WARN  org.mybatis.spring.mapper.ClassPathMapperScanner:44 - Skipping MapperFactoryBean with name 'rolePermissionMapper' and 'com.pmj.crm.mapper.RolePermissionMapper' mapperInterface. Bean already defined with the same name!
2020-04-14 08:21:20,552 [restartedMain] WARN  org.mybatis.spring.mapper.ClassPathMapperScanner:44 - No MyBatis mapper was found in '[com.pmj.crm.mapper]' package. Please check your configuration.
2020-04-14 08:21:20,769 [restartedMain] INFO  o.s.c.s.PostProcessorRegistrationDelegate$BeanPostProcessorChecker:330 - Bean 'shiroConfig' of type [com.pmj.crm.config.ShiroConfig$$EnhancerBySpringCGLIB$$6c652d31] is not eligible for getting processed by all BeanPostProcessors (for example: not eligible for auto-proxying)
2020-04-14 08:21:21,257 [restartedMain] INFO  o.s.c.s.PostProcessorRegistrationDelegate$BeanPostProcessorChecker:330 - Bean 'hashedCredentialsMatcher' of type [org.apache.shiro.authc.credential.HashedCredentialsMatcher] is not eligible for getting processed by all BeanPostProcessors (for example: not eligible for auto-proxying)
2020-04-14 08:21:21,552 [restartedMain] INFO  o.s.c.s.PostProcessorRegistrationDelegate$BeanPostProcessorChecker:330 - Bean 'mybatis-plus-com.baomidou.mybatisplus.autoconfigure.MybatisPlusProperties' of type [com.baomidou.mybatisplus.autoconfigure.MybatisPlusProperties] is not eligible for getting processed by all BeanPostProcessors (for example: not eligible for auto-proxying)
2020-04-14 08:21:21,560 [restartedMain] INFO  o.s.c.s.PostProcessorRegistrationDelegate$BeanPostProcessorChecker:330 - Bean 'mybatisPlusConfig' of type [com.pmj.crm.config.MybatisPlusConfig$$EnhancerBySpringCGLIB$$91fbb24d] is not eligible for getting processed by all BeanPostProcessors (for example: not eligible for auto-proxying)
2020-04-14 08:21:21,586 [restartedMain] INFO  o.s.c.s.PostProcessorRegistrationDelegate$BeanPostProcessorChecker:330 - Bean 'paginationInterceptor' of type [com.baomidou.mybatisplus.extension.plugins.PaginationInterceptor] is not eligible for getting processed by all BeanPostProcessors (for example: not eligible for auto-proxying)
2020-04-14 08:21:21,594 [restartedMain] INFO  o.s.c.s.PostProcessorRegistrationDelegate$BeanPostProcessorChecker:330 - Bean 'com.baomidou.mybatisplus.autoconfigure.MybatisPlusAutoConfiguration' of type [com.baomidou.mybatisplus.autoconfigure.MybatisPlusAutoConfiguration$$EnhancerBySpringCGLIB$$e8191361] is not eligible for getting processed by all BeanPostProcessors (for example: not eligible for auto-proxying)
2020-04-14 08:21:21,598 [restartedMain] INFO  o.s.c.s.PostProcessorRegistrationDelegate$BeanPostProcessorChecker:330 - Bean 'org.springframework.boot.autoconfigure.jdbc.DataSourceConfiguration$Generic' of type [org.springframework.boot.autoconfigure.jdbc.DataSourceConfiguration$Generic] is not eligible for getting processed by all BeanPostProcessors (for example: not eligible for auto-proxying)
2020-04-14 08:21:21,624 [restartedMain] INFO  o.s.c.s.PostProcessorRegistrationDelegate$BeanPostProcessorChecker:330 - Bean 'spring.datasource-org.springframework.boot.autoconfigure.jdbc.DataSourceProperties' of type [org.springframework.boot.autoconfigure.jdbc.DataSourceProperties] is not eligible for getting processed by all BeanPostProcessors (for example: not eligible for auto-proxying)
2020-04-14 08:21:21,718 [restartedMain] INFO  o.s.c.s.PostProcessorRegistrationDelegate$BeanPostProcessorChecker:330 - Bean 'dataSource' of type [com.alibaba.druid.pool.DruidDataSource] is not eligible for getting processed by all BeanPostProcessors (for example: not eligible for auto-proxying)
2020-04-14 08:21:25,418 [restartedMain] INFO  o.s.c.s.PostProcessorRegistrationDelegate$BeanPostProcessorChecker:330 - Bean 'sqlSessionFactory' of type [org.apache.ibatis.session.defaults.DefaultSqlSessionFactory] is not eligible for getting processed by all BeanPostProcessors (for example: not eligible for auto-proxying)
2020-04-14 08:21:25,426 [restartedMain] INFO  o.s.c.s.PostProcessorRegistrationDelegate$BeanPostProcessorChecker:330 - Bean 'sqlSessionTemplate' of type [org.mybatis.spring.SqlSessionTemplate] is not eligible for getting processed by all BeanPostProcessors (for example: not eligible for auto-proxying)
2020-04-14 08:21:25,426 [restartedMain] INFO  o.s.c.s.PostProcessorRegistrationDelegate$BeanPostProcessorChecker:330 - Bean 'employeeMapper' of type [org.mybatis.spring.mapper.MapperFactoryBean] is not eligible for getting processed by all BeanPostProcessors (for example: not eligible for auto-proxying)
2020-04-14 08:21:25,430 [restartedMain] INFO  o.s.c.s.PostProcessorRegistrationDelegate$BeanPostProcessorChecker:330 - Bean 'employeeMapper' of type [com.sun.proxy.$Proxy70] is not eligible for getting processed by all BeanPostProcessors (for example: not eligible for auto-proxying)
2020-04-14 08:21:25,434 [restartedMain] INFO  o.s.c.s.PostProcessorRegistrationDelegate$BeanPostProcessorChecker:330 - Bean 'empRoleMapper' of type [org.mybatis.spring.mapper.MapperFactoryBean] is not eligible for getting processed by all BeanPostProcessors (for example: not eligible for auto-proxying)
2020-04-14 08:21:25,438 [restartedMain] INFO  o.s.c.s.PostProcessorRegistrationDelegate$BeanPostProcessorChecker:330 - Bean 'empRoleMapper' of type [com.sun.proxy.$Proxy71] is not eligible for getting processed by all BeanPostProcessors (for example: not eligible for auto-proxying)
2020-04-14 08:21:25,438 [restartedMain] INFO  o.s.c.s.PostProcessorRegistrationDelegate$BeanPostProcessorChecker:330 - Bean 'employeeServiceImpl' of type [com.pmj.crm.service.impl.EmployeeServiceImpl] is not eligible for getting processed by all BeanPostProcessors (for example: not eligible for auto-proxying)
2020-04-14 08:21:25,438 [restartedMain] INFO  o.s.c.s.PostProcessorRegistrationDelegate$BeanPostProcessorChecker:330 - Bean 'myShiroRealm' of type [com.pmj.crm.shiro.EmployeeRealm] is not eligible for getting processed by all BeanPostProcessors (for example: not eligible for auto-proxying)
2020-04-14 08:21:25,446 [restartedMain] INFO  o.s.c.s.PostProcessorRegistrationDelegate$BeanPostProcessorChecker:330 - Bean 'securityManager' of type [org.apache.shiro.web.mgt.DefaultWebSecurityManager] is not eligible for getting processed by all BeanPostProcessors (for example: not eligible for auto-proxying)
2020-04-14 08:21:25,502 [restartedMain] INFO  o.s.c.s.PostProcessorRegistrationDelegate$BeanPostProcessorChecker:330 - Bean 'authorizationAttributeSourceAdvisor' of type [org.apache.shiro.spring.security.interceptor.AuthorizationAttributeSourceAdvisor] is not eligible for getting processed by all BeanPostProcessors (for example: not eligible for auto-proxying)
2020-04-14 08:21:26,194 [restartedMain] INFO  o.s.boot.web.embedded.tomcat.TomcatWebServer:92 - Tomcat initialized with port(s): 8080 (http)
2020-04-14 08:21:26,212 [restartedMain] INFO  org.apache.coyote.http11.Http11NioProtocol:173 - Initializing ProtocolHandler ["http-nio-8080"]
2020-04-14 08:21:26,214 [restartedMain] INFO  org.apache.catalina.core.StandardService:173 - Starting service [Tomcat]
2020-04-14 08:21:26,214 [restartedMain] INFO  org.apache.catalina.core.StandardEngine:173 - Starting Servlet engine: [Apache Tomcat/9.0.31]
2020-04-14 08:21:26,450 [restartedMain] INFO  o.a.c.core.ContainerBase.[Tomcat].[localhost].[/]:173 - Initializing Spring embedded WebApplicationContext
2020-04-14 08:21:26,450 [restartedMain] INFO  org.springframework.web.context.ContextLoader:284 - Root WebApplicationContext: initialization completed in 7653 ms
2020-04-14 08:21:27,055 [restartedMain] INFO  o.s.scheduling.concurrent.ThreadPoolTaskExecutor:181 - Initializing ExecutorService 'applicationTaskExecutor'
2020-04-14 08:21:27,191 [restartedMain] INFO  o.s.b.a.web.servlet.WelcomePageHandlerMapping:58 - Adding welcome page template: index
2020-04-14 08:21:27,659 [restartedMain] INFO  o.s.b.d.autoconfigure.OptionalLiveReloadServer:58 - LiveReload server is running on port 35729
2020-04-14 08:21:27,723 [restartedMain] INFO  org.apache.coyote.http11.Http11NioProtocol:173 - Starting ProtocolHandler ["http-nio-8080"]
2020-04-14 08:21:27,771 [restartedMain] INFO  o.s.boot.web.embedded.tomcat.TomcatWebServer:204 - Tomcat started on port(s): 8080 (http) with context path ''
2020-04-14 08:21:27,775 [restartedMain] INFO  com.pmj.crm.PmjCrmApplication:61 - Started PmjCrmApplication in 10.641 seconds (JVM running for 14.888)
